C:\Users\CCNS-SBBAEK\documents\visual studio 2010\Projects\RetinaModelSimulator\RetinaModelSimulator\x64\Release\cl.command.1.tlog
C:\Users\CCNS-SBBAEK\documents\visual studio 2010\Projects\RetinaModelSimulator\RetinaModelSimulator\x64\Release\CL.read.1.tlog
C:\Users\CCNS-SBBAEK\documents\visual studio 2010\Projects\RetinaModelSimulator\RetinaModelSimulator\x64\Release\CL.write.1.tlog
C:\Users\CCNS-SBBAEK\documents\visual studio 2010\Projects\RetinaModelSimulator\RetinaModelSimulator\x64\Release\link.command.1.tlog
C:\Users\CCNS-SBBAEK\documents\visual studio 2010\Projects\RetinaModelSimulator\RetinaModelSimulator\x64\Release\link.read.1.tlog
C:\Users\CCNS-SBBAEK\documents\visual studio 2010\Projects\RetinaModelSimulator\RetinaModelSimulator\x64\Release\link.write.1.tlog
C:\Users\CCNS-SBBAEK\documents\visual studio 2010\Projects\RetinaModelSimulator\RetinaModelSimulator\x64\Release\link-cvtres.read.1.tlog
C:\Users\CCNS-SBBAEK\documents\visual studio 2010\Projects\RetinaModelSimulator\RetinaModelSimulator\x64\Release\link-cvtres.write.1.tlog
C:\Users\CCNS-SBBAEK\documents\visual studio 2010\Projects\RetinaModelSimulator\RetinaModelSimulator\x64\Release\mt.command.1.tlog
C:\Users\CCNS-SBBAEK\documents\visual studio 2010\Projects\RetinaModelSimulator\RetinaModelSimulator\x64\Release\mt.read.1.tlog
C:\Users\CCNS-SBBAEK\documents\visual studio 2010\Projects\RetinaModelSimulator\RetinaModelSimulator\x64\Release\mt.write.1.tlog
C:\Users\CCNS-SBBAEK\documents\visual studio 2010\Projects\RetinaModelSimulator\RetinaModelSimulator\x64\Release\rc.command.1.tlog
C:\Users\CCNS-SBBAEK\documents\visual studio 2010\Projects\RetinaModelSimulator\RetinaModelSimulator\x64\Release\rc.read.1.tlog
C:\Users\CCNS-SBBAEK\documents\visual studio 2010\Projects\RetinaModelSimulator\RetinaModelSimulator\x64\Release\rc.write.1.tlog
C:\USERS\CCNS-SBBAEK\DOCUMENTS\VISUAL STUDIO 2010\PROJECTS\RETINAMODELSIMULATOR\RETINAMODELSIMULATOR\X64\RELEASE\RETINAMODELSIMULATOR.EXE.INTERMEDIATE.MANIFEST
C:\USERS\CCNS-SBBAEK\DOCUMENTS\VISUAL STUDIO 2010\PROJECTS\RETINAMODELSIMULATOR\RETINAMODELSIMULATOR\X64\RELEASE\RETINAMODELSIMULATOR.OBJ
C:\USERS\CCNS-SBBAEK\DOCUMENTS\VISUAL STUDIO 2010\PROJECTS\RETINAMODELSIMULATOR\RETINAMODELSIMULATOR\X64\RELEASE\RETINAMODELSIMULATOR.PCH
C:\USERS\CCNS-SBBAEK\DOCUMENTS\VISUAL STUDIO 2010\PROJECTS\RETINAMODELSIMULATOR\RETINAMODELSIMULATOR\X64\RELEASE\RETINAMODELSIMULATOR.RES
C:\Users\CCNS-SBBAEK\documents\visual studio 2010\Projects\RetinaModelSimulator\RetinaModelSimulator\x64\Release\RetinaModelSimulator.vcxprojResolveAssemblyReference.cache
C:\Users\CCNS-SBBAEK\documents\visual studio 2010\Projects\RetinaModelSimulator\RetinaModelSimulator\x64\Release\RetinaModelSimulator.write.1.tlog
C:\USERS\CCNS-SBBAEK\DOCUMENTS\VISUAL STUDIO 2010\PROJECTS\RETINAMODELSIMULATOR\RETINAMODELSIMULATOR\X64\RELEASE\RETINAMODELSIMULATORDLG.OBJ
C:\USERS\CCNS-SBBAEK\DOCUMENTS\VISUAL STUDIO 2010\PROJECTS\RETINAMODELSIMULATOR\RETINAMODELSIMULATOR\X64\RELEASE\STDAFX.OBJ
C:\USERS\CCNS-SBBAEK\DOCUMENTS\VISUAL STUDIO 2010\PROJECTS\RETINAMODELSIMULATOR\RETINAMODELSIMULATOR\X64\RELEASE\VC100.PDB
C:\USERS\CCNS-SBBAEK\DOCUMENTS\VISUAL STUDIO 2010\PROJECTS\RETINAMODELSIMULATOR\X64\RELEASE\RETINAMODELSIMULATOR.EXE
C:\USERS\CCNS-SBBAEK\DOCUMENTS\VISUAL STUDIO 2010\PROJECTS\RETINAMODELSIMULATOR\X64\RELEASE\RETINAMODELSIMULATOR.PDB
