C:\USERS\CCNS-SBBAEK\DOCUMENTS\VISUAL STUDIO 2010\PROJECTS\RETINAMODELSIMULATOR\RELEASE\RETINAMODELSIMULATOR.EXE
C:\USERS\CCNS-SBBAEK\DOCUMENTS\VISUAL STUDIO 2010\PROJECTS\RETINAMODELSIMULATOR\RELEASE\RETINAMODELSIMULATOR.PDB
C:\Users\CCNS-SBBAEK\documents\visual studio 2010\Projects\RetinaModelSimulator\RetinaModelSimulator\Release\cl.command.1.tlog
C:\Users\CCNS-SBBAEK\documents\visual studio 2010\Projects\RetinaModelSimulator\RetinaModelSimulator\Release\CL.read.1.tlog
C:\Users\CCNS-SBBAEK\documents\visual studio 2010\Projects\RetinaModelSimulator\RetinaModelSimulator\Release\CL.write.1.tlog
C:\USERS\CCNS-SBBAEK\DOCUMENTS\VISUAL STUDIO 2010\PROJECTS\RETINAMODELSIMULATOR\RETINAMODELSIMULATOR\RELEASE\COLORLISTBOX.OBJ
C:\USERS\CCNS-SBBAEK\DOCUMENTS\VISUAL STUDIO 2010\PROJECTS\RETINAMODELSIMULATOR\RETINAMODELSIMULATOR\RELEASE\COMBOXEX.OBJ
C:\Users\CCNS-SBBAEK\documents\visual studio 2010\Projects\RetinaModelSimulator\RetinaModelSimulator\Release\link.command.1.tlog
C:\Users\CCNS-SBBAEK\documents\visual studio 2010\Projects\RetinaModelSimulator\RetinaModelSimulator\Release\link.read.1.tlog
C:\Users\CCNS-SBBAEK\documents\visual studio 2010\Projects\RetinaModelSimulator\RetinaModelSimulator\Release\link.write.1.tlog
C:\Users\CCNS-SBBAEK\documents\visual studio 2010\Projects\RetinaModelSimulator\RetinaModelSimulator\Release\link-cvtres.read.1.tlog
C:\Users\CCNS-SBBAEK\documents\visual studio 2010\Projects\RetinaModelSimulator\RetinaModelSimulator\Release\link-cvtres.write.1.tlog
C:\Users\CCNS-SBBAEK\documents\visual studio 2010\Projects\RetinaModelSimulator\RetinaModelSimulator\Release\mt.command.1.tlog
C:\Users\CCNS-SBBAEK\documents\visual studio 2010\Projects\RetinaModelSimulator\RetinaModelSimulator\Release\mt.read.1.tlog
C:\Users\CCNS-SBBAEK\documents\visual studio 2010\Projects\RetinaModelSimulator\RetinaModelSimulator\Release\mt.write.1.tlog
C:\USERS\CCNS-SBBAEK\DOCUMENTS\VISUAL STUDIO 2010\PROJECTS\RETINAMODELSIMULATOR\RETINAMODELSIMULATOR\RELEASE\MULTILINELISTBOX.OBJ
C:\USERS\CCNS-SBBAEK\DOCUMENTS\VISUAL STUDIO 2010\PROJECTS\RETINAMODELSIMULATOR\RETINAMODELSIMULATOR\RELEASE\MYBOX.OBJ
C:\Users\CCNS-SBBAEK\documents\visual studio 2010\Projects\RetinaModelSimulator\RetinaModelSimulator\Release\rc.command.1.tlog
C:\Users\CCNS-SBBAEK\documents\visual studio 2010\Projects\RetinaModelSimulator\RetinaModelSimulator\Release\rc.read.1.tlog
C:\Users\CCNS-SBBAEK\documents\visual studio 2010\Projects\RetinaModelSimulator\RetinaModelSimulator\Release\rc.write.1.tlog
C:\USERS\CCNS-SBBAEK\DOCUMENTS\VISUAL STUDIO 2010\PROJECTS\RETINAMODELSIMULATOR\RETINAMODELSIMULATOR\RELEASE\RETINAMODELSIMULATOR.EXE.INTERMEDIATE.MANIFEST
C:\USERS\CCNS-SBBAEK\DOCUMENTS\VISUAL STUDIO 2010\PROJECTS\RETINAMODELSIMULATOR\RETINAMODELSIMULATOR\RELEASE\RETINAMODELSIMULATOR.OBJ
C:\Users\CCNS-SBBAEK\documents\visual studio 2010\Projects\RetinaModelSimulator\RetinaModelSimulator\Release\RetinaModelSimulator.pch
C:\USERS\CCNS-SBBAEK\DOCUMENTS\VISUAL STUDIO 2010\PROJECTS\RETINAMODELSIMULATOR\RETINAMODELSIMULATOR\RELEASE\RETINAMODELSIMULATOR.RES
C:\Users\CCNS-SBBAEK\documents\visual studio 2010\Projects\RetinaModelSimulator\RetinaModelSimulator\Release\RetinaModelSimulator.vcxprojResolveAssemblyReference.cache
C:\Users\CCNS-SBBAEK\documents\visual studio 2010\Projects\RetinaModelSimulator\RetinaModelSimulator\Release\RetinaModelSimulator.write.1.tlog
C:\USERS\CCNS-SBBAEK\DOCUMENTS\VISUAL STUDIO 2010\PROJECTS\RETINAMODELSIMULATOR\RETINAMODELSIMULATOR\RELEASE\RETINAMODELSIMULATORDLG.OBJ
C:\USERS\CCNS-SBBAEK\DOCUMENTS\VISUAL STUDIO 2010\PROJECTS\RETINAMODELSIMULATOR\RETINAMODELSIMULATOR\RELEASE\STDAFX.OBJ
C:\USERS\CCNS-SBBAEK\DOCUMENTS\VISUAL STUDIO 2010\PROJECTS\RETINAMODELSIMULATOR\RETINAMODELSIMULATOR\RELEASE\VC100.PDB
